2025-04-23 12:13:09,051 INFO o.a.j.u.JMeterUtils: Setting Locale to en_EN
2025-04-23 12:13:09,075 INFO o.a.j.JMeter: Loading user properties from: D:\apache-jmeter-5.6.3\apache-jmeter-5.6.3\bin\user.properties
2025-04-23 12:13:09,076 INFO o.a.j.JMeter: Loading system properties from: D:\apache-jmeter-5.6.3\apache-jmeter-5.6.3\bin\system.properties
2025-04-23 12:13:09,076 INFO o.a.j.JMeter: Setting JMeter property: jmeter.save.saveservice.output_format=csv
2025-04-23 12:13:09,076 INFO o.a.j.JMeter: Setting JMeter property: jmeter.save.saveservice.response_time=true
2025-04-23 12:13:09,087 INFO o.a.j.JMeter: Copyright (c) 1998-2024 The Apache Software Foundation
2025-04-23 12:13:09,088 INFO o.a.j.JMeter: Version 5.6.3
2025-04-23 12:13:09,088 INFO o.a.j.JMeter: java.version=23.0.1
2025-04-23 12:13:09,088 INFO o.a.j.JMeter: java.vm.name=Java HotSpot(TM) 64-Bit Server VM
2025-04-23 12:13:09,088 INFO o.a.j.JMeter: os.name=Windows 11
2025-04-23 12:13:09,088 INFO o.a.j.JMeter: os.arch=amd64
2025-04-23 12:13:09,088 INFO o.a.j.JMeter: os.version=10.0
2025-04-23 12:13:09,088 INFO o.a.j.JMeter: file.encoding=UTF-8
2025-04-23 12:13:09,088 INFO o.a.j.JMeter: java.awt.headless=true
2025-04-23 12:13:09,088 INFO o.a.j.JMeter: Max memory     =1073741824
2025-04-23 12:13:09,088 INFO o.a.j.JMeter: Available Processors =4
2025-04-23 12:13:09,103 INFO o.a.j.JMeter: Default Locale=English (EN)
2025-04-23 12:13:09,103 INFO o.a.j.JMeter: JMeter  Locale=English (EN)
2025-04-23 12:13:09,104 INFO o.a.j.JMeter: JMeterHome=D:\apache-jmeter-5.6.3\apache-jmeter-5.6.3
2025-04-23 12:13:09,104 INFO o.a.j.JMeter: user.dir  =D:\GenAI_Performance_Testing
2025-04-23 12:13:09,104 INFO o.a.j.JMeter: PWD       =D:\GenAI_Performance_Testing
2025-04-23 12:13:09,104 INFO o.a.j.JMeter: IP: 192.168.0.93 Name: P9-Akash-PF2XT59K FullName: P9-Akash-PF2XT59K
2025-04-23 12:13:09,123 INFO o.a.j.JMeter: Setting property 'jmeter.reportgenerator.outputdir' to:'D:\GenAI_Performance_Testing\html-report'
2025-04-23 12:13:09,127 INFO o.a.j.s.FileServer: Default base='D:\GenAI_Performance_Testing'
2025-04-23 12:13:09,128 INFO o.a.j.s.FileServer: Set new base='D:\GenAI_Performance_Testing'
2025-04-23 12:13:09,520 INFO o.a.j.s.SaveService: Testplan (JMX) version: 2.2. Testlog (JTL) version: 2.2
2025-04-23 12:13:09,565 INFO o.a.j.s.SaveService: Using SaveService properties version 5.0
2025-04-23 12:13:09,570 INFO o.a.j.s.SaveService: Using SaveService properties file encoding UTF-8
2025-04-23 12:13:09,576 INFO o.a.j.s.SaveService: Loading file: TestPlanp9authwave.jmx
2025-04-23 12:13:09,657 INFO o.a.j.p.h.s.HTTPSamplerBase: Parser for text/html is org.apache.jmeter.protocol.http.parser.LagartoBasedHtmlParser
2025-04-23 12:13:09,657 INFO o.a.j.p.h.s.HTTPSamplerBase: Parser for application/xhtml+xml is org.apache.jmeter.protocol.http.parser.LagartoBasedHtmlParser
2025-04-23 12:13:09,657 INFO o.a.j.p.h.s.HTTPSamplerBase: Parser for application/xml is org.apache.jmeter.protocol.http.parser.LagartoBasedHtmlParser
2025-04-23 12:13:09,657 INFO o.a.j.p.h.s.HTTPSamplerBase: Parser for text/xml is org.apache.jmeter.protocol.http.parser.LagartoBasedHtmlParser
2025-04-23 12:13:09,657 INFO o.a.j.p.h.s.HTTPSamplerBase: Parser for text/vnd.wap.wml is org.apache.jmeter.protocol.http.parser.RegexpHTMLParser
2025-04-23 12:13:09,657 INFO o.a.j.p.h.s.HTTPSamplerBase: Parser for text/css is org.apache.jmeter.protocol.http.parser.CssParser
2025-04-23 12:13:09,703 INFO o.a.j.JMeter: Creating summariser <summary>
2025-04-23 12:13:09,707 INFO o.a.j.r.d.ReportGenerator: ReportGenerator will use for Parsing the separator: ','
2025-04-23 12:13:09,707 INFO o.a.j.r.d.ReportGenerator: Will generate report at end of test from  results file: results.jtl
2025-04-23 12:13:09,707 INFO o.a.j.r.d.ReportGenerator: Reading report generator properties from: D:\apache-jmeter-5.6.3\apache-jmeter-5.6.3\bin\reportgenerator.properties
2025-04-23 12:13:09,707 INFO o.a.j.r.d.ReportGenerator: Merging with JMeter properties
2025-04-23 12:13:09,711 INFO o.a.j.r.c.ReportGeneratorConfiguration: Property 'jmeter.reportgenerator.temp_dir' not found, using default value 'temp' instead.
2025-04-23 12:13:09,714 INFO o.a.j.r.c.ReportGeneratorConfiguration: Property 'jmeter.reportgenerator.apdex_per_transaction' not found, using default value 'null' instead.
2025-04-23 12:13:09,714 INFO o.a.j.r.c.ReportGeneratorConfiguration: apdex_per_transaction is empty, not APDEX per transaction customization
2025-04-23 12:13:09,714 INFO o.a.j.r.c.ReportGeneratorConfiguration: Property 'jmeter.reportgenerator.sample_filter' not found, using default value 'null' instead.
2025-04-23 12:13:09,714 INFO o.a.j.r.c.ReportGeneratorConfiguration: Property 'jmeter.reportgenerator.report_title' not found, using default value 'null' instead.
2025-04-23 12:13:09,714 INFO o.a.j.r.c.ReportGeneratorConfiguration: Property 'jmeter.reportgenerator.start_date' not found, using default value 'null' instead.
2025-04-23 12:13:09,714 INFO o.a.j.r.c.ReportGeneratorConfiguration: Property 'jmeter.reportgenerator.end_date' not found, using default value 'null' instead.
2025-04-23 12:13:09,714 INFO o.a.j.r.c.ReportGeneratorConfiguration: Property 'jmeter.reportgenerator.date_format' not found, using default value 'null' instead.
2025-04-23 12:13:09,714 INFO o.a.j.r.c.ReportGeneratorConfiguration: Will use date range start date: null, end date: null
2025-04-23 12:13:09,718 INFO o.a.j.r.c.ReportGeneratorConfiguration: Property 'jmeter.reportgenerator.graph.totalTPS.exclude_controllers' not found, using default value 'false' instead.
2025-04-23 12:13:09,718 INFO o.a.j.r.c.ReportGeneratorConfiguration: Property 'jmeter.reportgenerator.graph.activeThreadsOverTime.exclude_controllers' not found, using default value 'false' instead.
2025-04-23 12:13:09,718 INFO o.a.j.r.c.ReportGeneratorConfiguration: Property 'jmeter.reportgenerator.graph.timeVsThreads.exclude_controllers' not found, using default value 'false' instead.
2025-04-23 12:13:09,718 INFO o.a.j.r.c.ReportGeneratorConfiguration: Property 'jmeter.reportgenerator.graph.responseTimeDistribution.exclude_controllers' not found, using default value 'false' instead.
2025-04-23 12:13:09,718 INFO o.a.j.r.c.ReportGeneratorConfiguration: Property 'jmeter.reportgenerator.graph.transactionsPerSecond.exclude_controllers' not found, using default value 'false' instead.
2025-04-23 12:13:09,718 INFO o.a.j.r.c.ReportGeneratorConfiguration: Property 'jmeter.reportgenerator.graph.responseTimePercentiles.exclude_controllers' not found, using default value 'false' instead.
2025-04-23 12:13:09,718 INFO o.a.j.r.c.ReportGeneratorConfiguration: Property 'jmeter.reportgenerator.graph.responseTimePercentilesOverTime.exclude_controllers' not found, using default value 'false' instead.
2025-04-23 12:13:09,720 INFO o.a.j.r.c.ReportGeneratorConfiguration: Property 'jmeter.reportgenerator.graph.responseTimesOverTime.exclude_controllers' not found, using default value 'false' instead.
2025-04-23 12:13:09,720 INFO o.a.j.r.c.ReportGeneratorConfiguration: Property 'jmeter.reportgenerator.graph.connectTimeOverTime.exclude_controllers' not found, using default value 'false' instead.
2025-04-23 12:13:09,720 INFO o.a.j.r.c.ReportGeneratorConfiguration: Property 'jmeter.reportgenerator.graph.latenciesOverTime.exclude_controllers' not found, using default value 'false' instead.
2025-04-23 12:13:09,720 INFO o.a.j.r.c.ReportGeneratorConfiguration: Property 'jmeter.reportgenerator.exporter.json.filters_only_sample_series' not found, using default value 'true' instead.
2025-04-23 12:13:09,720 INFO o.a.j.r.c.ReportGeneratorConfiguration: Property 'jmeter.reportgenerator.exporter.json.series_filter' not found, using default value '' instead.
2025-04-23 12:13:09,720 INFO o.a.j.r.c.ReportGeneratorConfiguration: Property 'jmeter.reportgenerator.exporter.json.show_controllers_only' not found, using default value 'false' instead.
2025-04-23 12:13:09,720 INFO o.a.j.r.c.ReportGeneratorConfiguration: Property 'jmeter.reportgenerator.exporter.html.filters_only_sample_series' not found, using default value 'true' instead.
2025-04-23 12:13:09,720 INFO o.a.j.r.c.ReportGeneratorConfiguration: Property 'jmeter.reportgenerator.exporter.html.series_filter' not found, using default value '' instead.
2025-04-23 12:13:09,720 INFO o.a.j.r.c.ReportGeneratorConfiguration: Property 'jmeter.reportgenerator.exporter.html.show_controllers_only' not found, using default value 'false' instead.
2025-04-23 12:13:09,739 INFO o.a.j.e.StandardJMeterEngine: Running the test!
2025-04-23 12:13:09,740 INFO o.a.j.s.SampleEvent: List of sample_variables: []
2025-04-23 12:13:09,740 INFO o.a.j.s.SampleEvent: List of sample_variables: []
2025-04-23 12:13:09,749 INFO o.a.j.e.u.CompoundVariable: Note: Function class names must contain the string: '.functions.'
2025-04-23 12:13:09,749 INFO o.a.j.e.u.CompoundVariable: Note: Function class names must not contain the string: '.gui.'
2025-04-23 12:13:09,843 INFO o.a.j.JMeter: Running test (1745390589843)
2025-04-23 12:13:09,863 INFO o.a.j.e.StandardJMeterEngine: Starting ThreadGroup: 1 : Thread Group
2025-04-23 12:13:09,869 INFO o.a.j.e.StandardJMeterEngine: Starting 1 threads for group Thread Group.
2025-04-23 12:13:09,869 INFO o.a.j.e.StandardJMeterEngine: Thread will continue on error
2025-04-23 12:13:09,869 INFO o.a.j.t.ThreadGroup: Starting thread group... number=1 threads=1 ramp-up=1 delayedStart=false
2025-04-23 12:13:09,871 INFO o.a.j.t.ThreadGroup: Started thread group number 1
2025-04-23 12:13:09,871 INFO o.a.j.e.StandardJMeterEngine: All thread groups have been started
2025-04-23 12:13:09,875 INFO o.a.j.t.JMeterThread: Thread started: Thread Group 1-1
2025-04-23 12:13:09,881 INFO o.a.j.p.h.s.HTTPHCAbstractImpl: Local host = P9-Akash-PF2XT59K
2025-04-23 12:13:09,892 INFO o.a.j.p.h.s.HTTPHC4Impl: HTTP request retry count = 0
2025-04-23 12:13:09,895 INFO o.a.j.s.SampleResult: Note: Sample TimeStamps are START times
2025-04-23 12:13:09,895 INFO o.a.j.s.SampleResult: sampleresult.default.encoding is set to UTF-8
2025-04-23 12:13:09,895 INFO o.a.j.s.SampleResult: sampleresult.useNanoTime=true
2025-04-23 12:13:09,895 INFO o.a.j.s.SampleResult: sampleresult.nanoThreadSleep=5000
2025-04-23 12:13:09,970 INFO o.a.j.p.h.s.h.LazyLayeredConnectionSocketFactory: Setting up HTTPS TrustAll Socket Factory
2025-04-23 12:13:09,980 INFO o.a.j.u.JsseSSLManager: Using default SSL protocol: TLS
2025-04-23 12:13:09,980 INFO o.a.j.u.JsseSSLManager: SSL session context: per-thread
2025-04-23 12:13:10,132 INFO o.a.j.u.SSLManager: JmeterKeyStore Location:  type JKS
2025-04-23 12:13:10,133 INFO o.a.j.u.SSLManager: KeyStore created OK
2025-04-23 12:13:10,133 WARN o.a.j.u.SSLManager: Keystore file not found, loading empty keystore
2025-04-23 12:13:32,121 INFO o.a.j.r.Summariser: summary +      1 in 00:00:22 =    0.0/s Avg: 22166 Min: 22166 Max: 22166 Err:     0 (0.00%) Active: 1 Started: 1 Finished: 0
2025-04-23 12:13:32,128 INFO o.a.j.t.JMeterThread: Thread is done: Thread Group 1-1
2025-04-23 12:13:32,128 INFO o.a.j.t.JMeterThread: Thread finished: Thread Group 1-1
2025-04-23 12:13:32,128 INFO o.a.j.e.StandardJMeterEngine: Notifying test listeners of end of test
2025-04-23 12:13:32,128 INFO o.a.j.r.Summariser: summary =      1 in 00:00:22 =    0.0/s Avg: 22166 Min: 22166 Max: 22166 Err:     0 (0.00%)
2025-04-23 12:13:32,128 INFO o.a.j.JMeter: Generating Dashboard
2025-04-23 12:13:32,128 INFO o.a.j.r.d.ReportGenerator: Flushing result collector before report Generation
2025-04-23 12:13:32,153 INFO o.a.j.r.p.NormalizerSampleConsumer: Using format, 'ms', to parse timeStamp field
2025-04-23 12:13:32,214 INFO o.a.j.r.p.AbstractSampleConsumer: class org.apache.jmeter.report.processor.AggregateConsumer#stopProducing(): beginDate produced 0 samples
2025-04-23 12:13:32,214 INFO o.a.j.r.p.AbstractSampleConsumer: class org.apache.jmeter.report.processor.AggregateConsumer#stopProducing(): endDate produced 0 samples
2025-04-23 12:13:32,221 INFO o.a.j.r.p.AbstractSampleConsumer: class org.apache.jmeter.report.processor.ApdexSummaryConsumer#stopProducing(): apdexSummary produced 0 samples
2025-04-23 12:13:32,221 INFO o.a.j.r.p.AbstractSampleConsumer: class org.apache.jmeter.report.processor.RequestsSummaryConsumer#stopProducing(): requestsSummary produced 0 samples
2025-04-23 12:13:32,224 INFO o.a.j.r.p.AbstractSampleConsumer: class org.apache.jmeter.report.processor.StatisticsSummaryConsumer#stopProducing(): statisticsSummary produced 0 samples
2025-04-23 12:13:32,226 INFO o.a.j.r.p.AbstractSampleConsumer: class org.apache.jmeter.report.processor.Top5ErrorsBySamplerConsumer#stopProducing(): top5ErrorsBySampler produced 0 samples
2025-04-23 12:13:32,226 INFO o.a.j.r.p.AbstractSampleConsumer: class org.apache.jmeter.report.processor.ErrorsSummaryConsumer#stopProducing(): errorsSummary produced 0 samples
2025-04-23 12:13:32,226 INFO o.a.j.r.p.AbstractSampleConsumer: class org.apache.jmeter.report.processor.graph.impl.HitsPerSecondGraphConsumer#stopProducing(): hitsPerSecond produced 0 samples
2025-04-23 12:13:32,252 INFO o.a.j.r.p.AbstractSampleConsumer: class org.apache.jmeter.report.processor.graph.impl.LatencyVSRequestGraphConsumer#stopProducing(): latencyVsRequest produced 0 samples
2025-04-23 12:13:32,252 INFO o.a.j.r.p.AbstractSampleConsumer: class org.apache.jmeter.report.processor.graph.impl.SyntheticResponseTimeDistributionGraphConsumer#stopProducing(): syntheticResponseTimeDistribution produced 0 samples
2025-04-23 12:13:32,252 INFO o.a.j.r.p.AbstractSampleConsumer: class org.apache.jmeter.report.processor.graph.impl.BytesThroughputGraphConsumer#stopProducing(): bytesThroughputOverTime produced 0 samples
2025-04-23 12:13:32,252 INFO o.a.j.r.p.AbstractSampleConsumer: class org.apache.jmeter.report.processor.graph.impl.CodesPerSecondGraphConsumer#stopProducing(): codesPerSecond produced 0 samples
2025-04-23 12:13:32,259 INFO o.a.j.r.p.AbstractSampleConsumer: class org.apache.jmeter.report.processor.graph.impl.ResponseTimeVSRequestGraphConsumer#stopProducing(): responseTimeVsRequest produced 0 samples
2025-04-23 12:13:32,261 INFO o.a.j.r.p.AbstractSampleConsumer: class org.apache.jmeter.report.processor.FilterConsumer#stopProducing(): startIntervalControlerFilter produced 7 samples
2025-04-23 12:13:32,261 INFO o.a.j.r.p.AbstractSampleConsumer: class org.apache.jmeter.report.processor.graph.impl.TotalTPSGraphConsumer#stopProducing(): totalTPS produced 0 samples
2025-04-23 12:13:32,261 INFO o.a.j.r.p.AbstractSampleConsumer: class org.apache.jmeter.report.processor.graph.impl.ActiveThreadsGraphConsumer#stopProducing(): activeThreadsOverTime produced 0 samples
2025-04-23 12:13:32,261 INFO o.a.j.r.p.AbstractSampleConsumer: class org.apache.jmeter.report.processor.graph.impl.TimeVSThreadGraphConsumer#stopProducing(): timeVsThreads produced 0 samples
2025-04-23 12:13:32,261 INFO o.a.j.r.p.AbstractSampleConsumer: class org.apache.jmeter.report.processor.graph.impl.ResponseTimeDistributionGraphConsumer#stopProducing(): responseTimeDistribution produced 0 samples
2025-04-23 12:13:32,261 INFO o.a.j.r.p.AbstractSampleConsumer: class org.apache.jmeter.report.processor.graph.impl.TransactionsPerSecondGraphConsumer#stopProducing(): transactionsPerSecond produced 0 samples
2025-04-23 12:13:32,261 INFO o.a.j.r.p.AbstractSampleConsumer: class org.apache.jmeter.report.processor.graph.impl.ResponseTimePercentilesGraphConsumer#stopProducing(): responseTimePercentiles produced 0 samples
2025-04-23 12:13:32,261 INFO o.a.j.r.p.AbstractSampleConsumer: class org.apache.jmeter.report.processor.graph.impl.ResponseTimePercentilesOverTimeGraphConsumer#stopProducing(): responseTimePercentilesOverTime produced 0 samples
2025-04-23 12:13:32,263 INFO o.a.j.r.p.AbstractSampleConsumer: class org.apache.jmeter.report.processor.graph.impl.ResponseTimeOverTimeGraphConsumer#stopProducing(): responseTimesOverTime produced 0 samples
2025-04-23 12:13:32,263 INFO o.a.j.r.p.AbstractSampleConsumer: class org.apache.jmeter.report.processor.graph.impl.ConnectTimeOverTimeGraphConsumer#stopProducing(): connectTimeOverTime produced 0 samples
2025-04-23 12:13:32,263 INFO o.a.j.r.p.AbstractSampleConsumer: class org.apache.jmeter.report.processor.graph.impl.LatencyOverTimeGraphConsumer#stopProducing(): latenciesOverTime produced 0 samples
2025-04-23 12:13:32,263 INFO o.a.j.r.p.AbstractSampleConsumer: class org.apache.jmeter.report.processor.FilterConsumer#stopProducing(): nameFilter produced 15 samples
2025-04-23 12:13:32,263 INFO o.a.j.r.p.AbstractSampleConsumer: class org.apache.jmeter.report.processor.FilterConsumer#stopProducing(): dateRangeFilter produced 3 samples
2025-04-23 12:13:32,263 INFO o.a.j.r.p.AbstractSampleConsumer: class org.apache.jmeter.report.processor.NormalizerSampleConsumer#stopProducing(): normalizer produced 1 samples
2025-04-23 12:13:32,263 INFO o.a.j.r.p.CsvFileSampleSource: produce(): 1 samples produced in 78ms on channel 0
2025-04-23 12:13:32,263 INFO o.a.j.r.d.ReportGenerator: Exporting data using exporter:'json' of className:'org.apache.jmeter.report.dashboard.JsonExporter'
2025-04-23 12:13:32,352 INFO o.a.j.r.d.JsonExporter: Found data for consumer statisticsSummary in context
2025-04-23 12:13:32,352 INFO o.a.j.r.d.JsonExporter: Creating statistics for overall
2025-04-23 12:13:32,352 INFO o.a.j.r.d.JsonExporter: Creating statistics for other transactions
2025-04-23 12:13:32,352 INFO o.a.j.r.d.JsonExporter: Checking output folder
2025-04-23 12:13:32,352 INFO o.a.j.r.d.JsonExporter: Writing statistics JSON to D:\GenAI_Performance_Testing\html-report\statistics.json
2025-04-23 12:13:32,407 INFO o.a.j.r.d.ReportGenerator: Exporting data using exporter:'html' of className:'org.apache.jmeter.report.dashboard.HtmlTemplateExporter'
2025-04-23 12:13:32,407 INFO o.a.j.r.d.HtmlTemplateExporter: Will generate dashboard in folder: D:\GenAI_Performance_Testing\html-report
2025-04-23 12:13:32,523 INFO o.a.j.r.d.HtmlTemplateExporter: Report will be generated in: D:\GenAI_Performance_Testing\html-report, creating folder structure
2025-04-23 12:13:32,526 INFO o.a.j.r.d.TemplateVisitor: Copying folder from 'D:\apache-jmeter-5.6.3\apache-jmeter-5.6.3\bin\report-template' to 'D:\GenAI_Performance_Testing\html-report', got message: D:\GenAI_Performance_Testing\html-report, found non empty folder with following content [D:\GenAI_Performance_Testing\html-report\statistics.json], will be ignored
2025-04-23 12:13:33,131 INFO o.a.j.JMeter: Dashboard generated
